[ 2025-04-17 16:42:53,025 ] 16 root - INFO - Ingestion Initiated.......
[ 2025-04-17 16:42:53,025 ] 25 root - INFO - Exporting the data from source folder
[ 2025-04-17 16:42:53,077 ] 27 root - INFO - created dataframe
[ 2025-04-17 16:42:53,077 ] 30 root - INFO - replaced na values to nan values
[ 2025-04-17 16:42:53,077 ] 40 root - INFO - Artifact\04_17_2025_16_42_46\ingestion\feature_data\phisingData.csv -- path got created
[ 2025-04-17 16:42:53,134 ] 42 root - INFO - data loaded into Artifact\04_17_2025_16_42_46\ingestion\feature_data\phisingData.csv -- path
[ 2025-04-17 16:42:53,134 ] 52 root - INFO - Artifact\04_17_2025_16_42_46\ingestion\ingested\training_data\train.csv -- path got created
[ 2025-04-17 16:42:53,134 ] 55 root - INFO - Artifact\04_17_2025_16_42_46\ingestion\ingested\testing_data\test.csv -- path got created
[ 2025-04-17 16:42:53,134 ] 58 root - INFO - Data splitted into train and test
[ 2025-04-17 16:42:53,182 ] 60 root - INFO - train data loaded into path -- Artifact\04_17_2025_16_42_46\ingestion\ingested\training_data\train.csv
[ 2025-04-17 16:42:53,182 ] 62 root - INFO - test data loaded into path -- Artifact\04_17_2025_16_42_46\ingestion\ingested\testing_data\test.csv
[ 2025-04-17 16:42:53,182 ] 21 root - INFO - ......................Ingestion artifacts......................
[ 2025-04-17 16:42:53,182 ] 22 root - INFO - dataingestion(train_data_path='Artifact\\04_17_2025_16_42_46\\ingestion\\ingested\\training_data\\train.csv', test_data_path='Artifact\\04_17_2025_16_42_46\\ingestion\\ingested\\testing_data\\test.csv')
[ 2025-04-17 16:42:53,182 ] 23 root - INFO - Ingestion completed
[ 2025-04-17 16:42:53,182 ] 24 root - INFO - ###################################################################################################
[ 2025-04-17 16:42:53,182 ] 25 root - INFO - validation initiated........
[ 2025-04-17 16:42:53,214 ] 88 root - INFO - reading train_data from path --> Artifact\04_17_2025_16_42_46\ingestion\ingested\training_data\train.csv
[ 2025-04-17 16:42:53,236 ] 90 root - INFO - reading train_data from path --> Artifact\04_17_2025_16_42_46\ingestion\ingested\testing_data\test.csv
[ 2025-04-17 16:42:53,243 ] 93 root - INFO - column count check
[ 2025-04-17 16:42:53,243 ] 35 root - INFO - columns counts : 31,31
[ 2025-04-17 16:42:53,243 ] 98 root - INFO - Train dataframe columns are matching with schema given
[ 2025-04-17 16:42:53,243 ] 35 root - INFO - columns counts : 31,31
[ 2025-04-17 16:42:53,243 ] 103 root - INFO - Test dataframe columns are matching with schema given
[ 2025-04-17 16:42:53,243 ] 105 root - INFO - Missing columns check
[ 2025-04-17 16:42:53,243 ] 106 root - INFO - checking missing columns in train data
[ 2025-04-17 16:42:53,243 ] 51 root - INFO - All columns are matching
[ 2025-04-17 16:42:53,243 ] 111 root - INFO - All training data columns are matching with schema
[ 2025-04-17 16:42:53,243 ] 112 root - INFO - checking missing columns in test data
[ 2025-04-17 16:42:53,243 ] 51 root - INFO - All columns are matching
[ 2025-04-17 16:42:53,243 ] 117 root - INFO - All training data columns are matching with schema
[ 2025-04-17 16:42:53,243 ] 119 root - INFO - data drift started
[ 2025-04-17 16:42:53,322 ] 80 root - INFO - report file : Artifact\04_17_2025_16_42_46\datavalidation\drift_report\report.yaml --> got created and data got loaded into it
[ 2025-04-17 16:42:53,322 ] 121 root - INFO - data drift completed
[ 2025-04-17 16:42:53,369 ] 124 root - INFO - Train data loaded into the path ---> Artifact\04_17_2025_16_42_46\datavalidation\validated\train.csv
[ 2025-04-17 16:42:53,385 ] 126 root - INFO - Test data loaded into the path ---> Artifact\04_17_2025_16_42_46\datavalidation\validated\test.csv
[ 2025-04-17 16:42:53,385 ] 29 root - INFO - ......................Validation artifacts......................
[ 2025-04-17 16:42:53,385 ] 30 root - INFO - datavalidation(validation_status=True, Train_validation_path='Artifact\\04_17_2025_16_42_46\\datavalidation\\validated\\train.csv', Test_validation_path='Artifact\\04_17_2025_16_42_46\\datavalidation\\validated\\test.csv', Drift_report_path='Artifact\\04_17_2025_16_42_46\\datavalidation\\drift_report\\report.yaml', Train_invalidation_path=None, Test_invalidation_path=None)
[ 2025-04-17 16:42:53,385 ] 31 root - INFO - Validation completed
[ 2025-04-17 16:42:53,385 ] 32 root - INFO - ###################################################################################################
