[ 2025-04-17 22:46:45,330 ] 17 root - INFO - Ingestion Initiated.......
[ 2025-04-17 22:46:45,330 ] 25 root - INFO - Exporting the data from source folder
[ 2025-04-17 22:46:45,346 ] 27 root - INFO - created dataframe
[ 2025-04-17 22:46:45,346 ] 30 root - INFO - replaced na values to nan values
[ 2025-04-17 22:46:45,346 ] 40 root - INFO - Artifact\04_17_2025_22_46_44\ingestion\feature_data\phisingData.csv -- path got created
[ 2025-04-17 22:46:45,409 ] 42 root - INFO - data loaded into Artifact\04_17_2025_22_46_44\ingestion\feature_data\phisingData.csv -- path
[ 2025-04-17 22:46:45,409 ] 52 root - INFO - Artifact\04_17_2025_22_46_44\ingestion\ingested\training_data\train.csv -- path got created
[ 2025-04-17 22:46:45,409 ] 55 root - INFO - Artifact\04_17_2025_22_46_44\ingestion\ingested\testing_data\test.csv -- path got created
[ 2025-04-17 22:46:45,415 ] 58 root - INFO - Data splitted into train and test
[ 2025-04-17 22:46:45,441 ] 60 root - INFO - train data loaded into path -- Artifact\04_17_2025_22_46_44\ingestion\ingested\training_data\train.csv
[ 2025-04-17 22:46:45,458 ] 62 root - INFO - test data loaded into path -- Artifact\04_17_2025_22_46_44\ingestion\ingested\testing_data\test.csv
[ 2025-04-17 22:46:45,458 ] 22 root - INFO - ......................Ingestion artifacts......................
[ 2025-04-17 22:46:45,458 ] 23 root - INFO - dataingestion(train_data_path='Artifact\\04_17_2025_22_46_44\\ingestion\\ingested\\training_data\\train.csv', test_data_path='Artifact\\04_17_2025_22_46_44\\ingestion\\ingested\\testing_data\\test.csv')
[ 2025-04-17 22:46:45,458 ] 24 root - INFO - Ingestion completed
[ 2025-04-17 22:46:45,458 ] 26 root - INFO - ###################################################################################################
[ 2025-04-17 22:46:45,458 ] 28 root - INFO - validation initiated........
[ 2025-04-17 22:46:45,468 ] 88 root - INFO - reading train_data from path --> Artifact\04_17_2025_22_46_44\ingestion\ingested\training_data\train.csv
[ 2025-04-17 22:46:45,485 ] 90 root - INFO - reading train_data from path --> Artifact\04_17_2025_22_46_44\ingestion\ingested\testing_data\test.csv
[ 2025-04-17 22:46:45,485 ] 93 root - INFO - column count check
[ 2025-04-17 22:46:45,485 ] 35 root - INFO - columns counts : 31,31
[ 2025-04-17 22:46:45,485 ] 98 root - INFO - Train dataframe columns are matching with schema given
[ 2025-04-17 22:46:45,485 ] 35 root - INFO - columns counts : 31,31
[ 2025-04-17 22:46:45,485 ] 103 root - INFO - Test dataframe columns are matching with schema given
[ 2025-04-17 22:46:45,485 ] 105 root - INFO - Missing columns check
[ 2025-04-17 22:46:45,485 ] 106 root - INFO - checking missing columns in train data
[ 2025-04-17 22:46:45,485 ] 51 root - INFO - All columns are matching
[ 2025-04-17 22:46:45,485 ] 111 root - INFO - All training data columns are matching with schema
[ 2025-04-17 22:46:45,485 ] 112 root - INFO - checking missing columns in test data
[ 2025-04-17 22:46:45,485 ] 51 root - INFO - All columns are matching
[ 2025-04-17 22:46:45,485 ] 117 root - INFO - All training data columns are matching with schema
[ 2025-04-17 22:46:45,485 ] 119 root - INFO - data drift started
[ 2025-04-17 22:46:45,565 ] 80 root - INFO - report file : Artifact\04_17_2025_22_46_44\datavalidation\drift_report\report.yaml --> got created and data got loaded into it
[ 2025-04-17 22:46:45,565 ] 121 root - INFO - data drift completed
[ 2025-04-17 22:46:45,616 ] 124 root - INFO - Train data loaded into the path ---> Artifact\04_17_2025_22_46_44\datavalidation\validated\train.csv
[ 2025-04-17 22:46:45,628 ] 126 root - INFO - Test data loaded into the path ---> Artifact\04_17_2025_22_46_44\datavalidation\validated\test.csv
[ 2025-04-17 22:46:45,628 ] 32 root - INFO - ......................Validation artifacts......................
[ 2025-04-17 22:46:45,628 ] 33 root - INFO - datavalidation(validation_status=True, Train_validation_path='Artifact\\04_17_2025_22_46_44\\datavalidation\\validated\\train.csv', Test_validation_path='Artifact\\04_17_2025_22_46_44\\datavalidation\\validated\\test.csv', Drift_report_path='Artifact\\04_17_2025_22_46_44\\datavalidation\\drift_report\\report.yaml', Train_invalidation_path=None, Test_invalidation_path=None)
[ 2025-04-17 22:46:45,628 ] 34 root - INFO - Validation completed
[ 2025-04-17 22:46:45,628 ] 36 root - INFO - ###################################################################################################
[ 2025-04-17 22:46:45,628 ] 38 root - INFO - transformation initiated........
[ 2025-04-17 22:46:45,628 ] 53 root - INFO - reading train data
[ 2025-04-17 22:46:45,644 ] 55 root - INFO - reading test data
[ 2025-04-17 22:46:45,664 ] 33 root - INFO - data got divided into input features and output feature
[ 2025-04-17 22:46:45,664 ] 35 root - INFO - replaced -1's to 0's in output feature
[ 2025-04-17 22:46:45,664 ] 33 root - INFO - data got divided into input features and output feature
[ 2025-04-17 22:46:45,664 ] 35 root - INFO - replaced -1's to 0's in output feature
[ 2025-04-17 22:46:45,664 ] 59 root - INFO - starting preprocessing
[ 2025-04-17 22:46:45,675 ] 62 root - INFO - preprocessed training data
[ 2025-04-17 22:46:45,675 ] 64 root - INFO - preprocessed testing data
[ 2025-04-17 22:46:45,690 ] 69 root - INFO - train transformation file got loaded into path --> Artifact\04_17_2025_22_46_44\data_transformation\transformed\train.npy
[ 2025-04-17 22:46:45,692 ] 71 root - INFO - test transformation file got loaded into path --> Artifact\04_17_2025_22_46_44\data_transformation\transformed\test.npy
[ 2025-04-17 22:46:45,692 ] 74 root - INFO - preprocessor object got saved in the path --> Artifact\04_17_2025_22_46_44\data_transformation\transformed_object\preprocessing.pkl
[ 2025-04-17 22:46:45,692 ] 42 root - INFO - ......................transformation artifacts......................
[ 2025-04-17 22:46:45,692 ] 43 root - INFO - transformation(traindata_transformed_path='Artifact\\04_17_2025_22_46_44\\data_transformation\\transformed\\train.npy', testdata_transformed_path='Artifact\\04_17_2025_22_46_44\\data_transformation\\transformed\\test.npy', preprocessing_obj_path='Artifact\\04_17_2025_22_46_44\\data_transformation\\transformed_object\\preprocessing.pkl')
[ 2025-04-17 22:46:45,692 ] 44 root - INFO - transformation completed
[ 2025-04-17 22:46:45,692 ] 46 root - INFO - ###################################################################################################
