[ 2025-04-24 00:21:38,588 ] 28 root - INFO - Ingestion started.......
[ 2025-04-24 00:21:38,590 ] 25 root - INFO - Exporting the data from source folder
[ 2025-04-24 00:21:38,710 ] 27 root - INFO - created dataframe
[ 2025-04-24 00:21:38,711 ] 30 root - INFO - replaced na values to nan values
[ 2025-04-24 00:21:38,718 ] 40 root - INFO - Artifact\04_24_2025_00_21_21\ingestion\feature_data\phisingData.csv -- path got created
[ 2025-04-24 00:21:38,965 ] 42 root - INFO - data loaded into Artifact\04_24_2025_00_21_21\ingestion\feature_data\phisingData.csv -- path
[ 2025-04-24 00:21:38,968 ] 52 root - INFO - Artifact\04_24_2025_00_21_21\ingestion\ingested\training_data\train.csv -- path got created
[ 2025-04-24 00:21:38,973 ] 55 root - INFO - Artifact\04_24_2025_00_21_21\ingestion\ingested\testing_data\test.csv -- path got created
[ 2025-04-24 00:21:38,987 ] 58 root - INFO - Data splitted into train and test
[ 2025-04-24 00:21:39,251 ] 60 root - INFO - train data loaded into path -- Artifact\04_24_2025_00_21_21\ingestion\ingested\training_data\train.csv
[ 2025-04-24 00:21:39,324 ] 62 root - INFO - test data loaded into path -- Artifact\04_24_2025_00_21_21\ingestion\ingested\testing_data\test.csv
[ 2025-04-24 00:21:39,327 ] 32 root - INFO - ......................Ingestion artifacts......................
[ 2025-04-24 00:21:39,327 ] 33 root - INFO - dataingestion(train_data_path='Artifact\\04_24_2025_00_21_21\\ingestion\\ingested\\training_data\\train.csv', test_data_path='Artifact\\04_24_2025_00_21_21\\ingestion\\ingested\\testing_data\\test.csv')
[ 2025-04-24 00:21:39,327 ] 34 root - INFO - Ingestion completed
[ 2025-04-24 00:21:39,328 ] 35 root - INFO - ###################################################################################################
[ 2025-04-24 00:21:39,328 ] 43 root - INFO - validation started........
[ 2025-04-24 00:21:39,397 ] 88 root - INFO - reading train_data from path --> Artifact\04_24_2025_00_21_21\ingestion\ingested\training_data\train.csv
[ 2025-04-24 00:21:39,467 ] 90 root - INFO - reading train_data from path --> Artifact\04_24_2025_00_21_21\ingestion\ingested\testing_data\test.csv
[ 2025-04-24 00:21:39,489 ] 93 root - INFO - column count check
[ 2025-04-24 00:21:39,490 ] 35 root - INFO - columns counts : 31,31
[ 2025-04-24 00:21:39,490 ] 98 root - INFO - Train dataframe columns are matching with schema given
[ 2025-04-24 00:21:39,490 ] 35 root - INFO - columns counts : 31,31
[ 2025-04-24 00:21:39,490 ] 103 root - INFO - Test dataframe columns are matching with schema given
[ 2025-04-24 00:21:39,490 ] 105 root - INFO - Missing columns check
[ 2025-04-24 00:21:39,491 ] 106 root - INFO - checking missing columns in train data
[ 2025-04-24 00:21:39,491 ] 51 root - INFO - All columns are matching
[ 2025-04-24 00:21:39,491 ] 111 root - INFO - All training data columns are matching with schema
[ 2025-04-24 00:21:39,491 ] 112 root - INFO - checking missing columns in test data
[ 2025-04-24 00:21:39,491 ] 51 root - INFO - All columns are matching
[ 2025-04-24 00:21:39,491 ] 117 root - INFO - All training data columns are matching with schema
[ 2025-04-24 00:21:39,491 ] 119 root - INFO - data drift started
[ 2025-04-24 00:21:39,962 ] 80 root - INFO - report file : Artifact\04_24_2025_00_21_21\datavalidation\drift_report\report.yaml --> got created and data got loaded into it
[ 2025-04-24 00:21:39,962 ] 121 root - INFO - data drift completed
[ 2025-04-24 00:21:40,209 ] 124 root - INFO - Train data loaded into the path ---> Artifact\04_24_2025_00_21_21\datavalidation\validated\train.csv
[ 2025-04-24 00:21:40,272 ] 126 root - INFO - Test data loaded into the path ---> Artifact\04_24_2025_00_21_21\datavalidation\validated\test.csv
[ 2025-04-24 00:21:40,274 ] 47 root - INFO - ......................Validation artifacts......................
[ 2025-04-24 00:21:40,274 ] 48 root - INFO - datavalidation(validation_status=True, Train_validation_path='Artifact\\04_24_2025_00_21_21\\datavalidation\\validated\\train.csv', Test_validation_path='Artifact\\04_24_2025_00_21_21\\datavalidation\\validated\\test.csv', Drift_report_path='Artifact\\04_24_2025_00_21_21\\datavalidation\\drift_report\\report.yaml', Train_invalidation_path=None, Test_invalidation_path=None)
[ 2025-04-24 00:21:40,274 ] 49 root - INFO - Validation completed
[ 2025-04-24 00:21:40,275 ] 51 root - INFO - ###################################################################################################
[ 2025-04-24 00:21:40,275 ] 59 root - INFO - transformation started........
[ 2025-04-24 00:21:40,275 ] 53 root - INFO - reading train data
[ 2025-04-24 00:21:40,337 ] 55 root - INFO - reading test data
[ 2025-04-24 00:21:40,380 ] 33 root - INFO - data got divided into input features and output feature
[ 2025-04-24 00:21:40,381 ] 35 root - INFO - replaced -1's to 0's in output feature
[ 2025-04-24 00:21:40,384 ] 33 root - INFO - data got divided into input features and output feature
[ 2025-04-24 00:21:40,385 ] 35 root - INFO - replaced -1's to 0's in output feature
[ 2025-04-24 00:21:40,386 ] 59 root - INFO - starting preprocessing
[ 2025-04-24 00:21:40,408 ] 62 root - INFO - preprocessed training data
[ 2025-04-24 00:21:40,415 ] 64 root - INFO - preprocessed testing data
[ 2025-04-24 00:21:40,433 ] 69 root - INFO - train transformation file got loaded into path --> Artifact\04_24_2025_00_21_21\data_transformation\transformed\train.npy
[ 2025-04-24 00:21:40,438 ] 71 root - INFO - test transformation file got loaded into path --> Artifact\04_24_2025_00_21_21\data_transformation\transformed\test.npy
[ 2025-04-24 00:21:40,450 ] 74 root - INFO - preprocessor object got saved in the path --> Artifact\04_24_2025_00_21_21\data_transformation\transformed_object\preprocessing.pkl
[ 2025-04-24 00:21:40,454 ] 63 root - INFO - ......................transformation artifacts......................
[ 2025-04-24 00:21:40,455 ] 64 root - INFO - transformation(traindata_transformed_path='Artifact\\04_24_2025_00_21_21\\data_transformation\\transformed\\train.npy', testdata_transformed_path='Artifact\\04_24_2025_00_21_21\\data_transformation\\transformed\\test.npy', preprocessing_obj_path='Artifact\\04_24_2025_00_21_21\\data_transformation\\transformed_object\\preprocessing.pkl')
[ 2025-04-24 00:21:40,455 ] 65 root - INFO - transformation completed
[ 2025-04-24 00:21:40,455 ] 67 root - INFO - ###################################################################################################
[ 2025-04-24 00:21:40,455 ] 75 root - INFO - model training started........
[ 2025-04-24 00:21:40,491 ] 83 root - INFO - started model evaluation
[ 2025-04-24 00:26:35,376 ] 85 root - INFO - model evaluation completed
[ 2025-04-24 00:26:35,385 ] 87 root - INFO - report: models_report
[ 2025-04-24 00:26:35,386 ] 89 root - INFO - models report file created in the path --> Artifact\04_24_2025_00_21_21\model_trainer\trained_model\models_report
[ 2025-04-24 00:26:35,386 ] 91 root - INFO - selecting model based on best r2_score
[ 2025-04-24 00:26:35,780 ] 98 root - INFO - ..........................train classfication metrics............................
[ 2025-04-24 00:26:35,780 ] 99 root - INFO - classification_metrics_artifacts(f1_score=0.9915556007732221, precision_score=0.9890399837629389, recall_score=0.9940840473276213)
[ 2025-04-24 00:27:01,753 ] 105 root - INFO - ..........................test classfication metrics............................
[ 2025-04-24 00:27:01,753 ] 106 root - INFO - classification_metrics_artifacts(f1_score=0.9707740916271722, precision_score=0.9624119028974158, recall_score=0.9792828685258964)
[ 2025-04-24 00:27:12,135 ] 112 root - INFO - best model saved in the path --> Artifact\04_24_2025_00_21_21\model_trainer\trained_model\model.pkl
[ 2025-04-24 00:27:12,231 ] 119 root - INFO - Final model loaded into the path --> final\model\model.pkl
[ 2025-04-24 00:27:12,240 ] 123 root - INFO - Final model loaded into the path --> final\final_Transformer\preprocessing.pkl
[ 2025-04-24 00:27:12,247 ] 79 root - INFO - ......................model artifacts......................
[ 2025-04-24 00:27:12,247 ] 80 root - INFO - data_model(models_report_path='Artifact\\04_24_2025_00_21_21\\model_trainer\\trained_model\\models_report', best_model_path='Artifact\\04_24_2025_00_21_21\\model_trainer\\trained_model\\model.pkl', trained_classification_metrics=classification_metrics_artifacts(f1_score=0.9915556007732221, precision_score=0.9890399837629389, recall_score=0.9940840473276213), test_classification_metrics=classification_metrics_artifacts(f1_score=0.9707740916271722, precision_score=0.9624119028974158, recall_score=0.9792828685258964))
[ 2025-04-24 00:27:12,247 ] 81 root - INFO - modeling completed
[ 2025-04-24 00:27:12,247 ] 82 root - INFO - ###################################################################################################
[ 2025-04-24 00:27:35,672 ] 12 root - INFO - started predicting........
[ 2025-04-24 00:27:35,673 ] 20 root - INFO - loading preprocessor from final path
[ 2025-04-24 00:27:35,679 ] 23 root - INFO - loading model from final path
[ 2025-04-24 00:27:35,837 ] 28 root - INFO - reading the data that needs to be predicted
[ 2025-04-24 00:27:35,838 ] 30 root - INFO -     having_IP_Address  URL_Length  Shortining_Service  ...  Google_Index  Links_pointing_to_page  Statistical_report
0                   1          -1                   1  ...             1                       1                   1
1                  -1          -1                  -1  ...            -1                       1                   1
2                  -1          -1                  -1  ...             1                       0                   1
3                  -1          -1                   1  ...             1                       1                   1
4                   1           1                   1  ...             1                       0                   1
5                   1          -1                   1  ...             1                       0                   1
6                   1           1                   1  ...             1                       0                   1
7                   1          -1                   1  ...             1                       0                   1
8                   1          -1                   1  ...             1                       0                   1
9                   1           1                   1  ...             1                       0                   1
10                  1          -1                   1  ...             1                       0                   1
11                 -1           1                  -1  ...             1                       0                   1

[12 rows x 30 columns]
[ 2025-04-24 00:27:35,985 ] 33 root - INFO - below is the predicted data
[ 2025-04-24 00:27:35,985 ] 34 root - INFO - [1. 1. 0. 1. 1. 1. 1. 0. 1. 0. 1. 1.]
[ 2025-04-24 00:27:45,638 ] 12 root - INFO - started predicting........
[ 2025-04-24 00:27:45,638 ] 20 root - INFO - loading preprocessor from final path
[ 2025-04-24 00:27:45,646 ] 23 root - INFO - loading model from final path
[ 2025-04-24 00:27:45,806 ] 28 root - INFO - reading the data that needs to be predicted
[ 2025-04-24 00:27:45,806 ] 30 root - INFO -     having_IP_Address  URL_Length  Shortining_Service  ...  Google_Index  Links_pointing_to_page  Statistical_report
0                   1          -1                   1  ...             1                       1                   1
1                  -1          -1                  -1  ...            -1                       1                   1
2                  -1          -1                  -1  ...             1                       0                   1
3                  -1          -1                   1  ...             1                       1                   1
4                   1           1                   1  ...             1                       0                   1
5                   1          -1                   1  ...             1                       0                   1
6                   1           1                   1  ...             1                       0                   1
7                   1          -1                   1  ...             1                       0                   1
8                   1          -1                   1  ...             1                       0                   1
9                   1           1                   1  ...             1                       0                   1
10                  1          -1                   1  ...             1                       0                   1
11                 -1           1                  -1  ...             1                       0                   1

[12 rows x 30 columns]
[ 2025-04-24 00:27:45,970 ] 33 root - INFO - below is the predicted data
[ 2025-04-24 00:27:45,971 ] 34 root - INFO - [1. 1. 0. 1. 1. 1. 1. 0. 1. 0. 1. 1.]
[ 2025-04-24 00:28:04,026 ] 12 root - INFO - started predicting........
[ 2025-04-24 00:28:04,026 ] 20 root - INFO - loading preprocessor from final path
[ 2025-04-24 00:28:04,033 ] 23 root - INFO - loading model from final path
[ 2025-04-24 00:28:04,098 ] 28 root - INFO - reading the data that needs to be predicted
[ 2025-04-24 00:28:04,106 ] 30 root - INFO -     having_IP_Address  URL_Length  Shortining_Service  ...  Google_Index  Links_pointing_to_page  Statistical_report
0                   1          -1                   1  ...             1                       1                   1
1                  -1          -1                  -1  ...            -1                       1                   1
2                  -1          -1                  -1  ...             1                       0                   1
3                  -1          -1                   1  ...             1                       1                   1
4                   1           1                   1  ...             1                       0                   1
5                   1          -1                   1  ...             1                       0                   1
6                   1           1                   1  ...             1                       0                   1
7                   1          -1                   1  ...             1                       0                   1
8                   1          -1                   1  ...             1                       0                   1
9                   1           1                   1  ...             1                       0                   1
10                  1          -1                   1  ...             1                       0                   1
11                 -1           1                  -1  ...             1                       0                   1

[12 rows x 30 columns]
[ 2025-04-24 00:28:04,147 ] 33 root - INFO - below is the predicted data
[ 2025-04-24 00:28:04,147 ] 34 root - INFO - [1. 1. 0. 1. 1. 1. 1. 0. 1. 0. 1. 1.]
